<?xml version="1.0" encoding="UTF-8"?>
<testng-results ignored="0" total="4" passed="4" failed="0" skipped="0">
  <reporter-output>
  </reporter-output>
  <suite started-at="2025-09-12T12:40:51 IST" name="Default suite" finished-at="2025-09-12T12:41:24 IST" duration-ms="33059">
    <groups>
    </groups>
    <test started-at="2025-09-12T12:40:51 IST" name="Default test" finished-at="2025-09-12T12:41:24 IST" duration-ms="33059">
      <class name="com.tutorialsninja.qa.testcases.LoginPageTest">
        <test-method is-config="true" signature="setup()[pri:0, instance:com.tutorialsninja.qa.testcases.LoginPageTest@5f049ea1]" started-at="2025-09-12T12:40:51 IST" name="setup" finished-at="2025-09-12T12:41:02 IST" duration-ms="11615" status="PASS">
          <reporter-output>
          </reporter-output>
        </test-method> <!-- setup -->
        <test-method signature="verifyLoginWithValidCredentials()[pri:1, instance:com.tutorialsninja.qa.testcases.LoginPageTest@5f049ea1]" started-at="2025-09-12T12:41:02 IST" name="verifyLoginWithValidCredentials" finished-at="2025-09-12T12:41:04 IST" duration-ms="1455" status="PASS">
          <reporter-output>
          </reporter-output>
        </test-method> <!-- verifyLoginWithValidCredentials -->
        <test-method is-config="true" signature="terDOwn()[pri:0, instance:com.tutorialsninja.qa.testcases.LoginPageTest@5f049ea1]" started-at="2025-09-12T12:41:04 IST" name="terDOwn" finished-at="2025-09-12T12:41:05 IST" duration-ms="965" status="PASS">
          <reporter-output>
          </reporter-output>
        </test-method> <!-- terDOwn -->
        <test-method is-config="true" signature="setup()[pri:0, instance:com.tutorialsninja.qa.testcases.LoginPageTest@5f049ea1]" started-at="2025-09-12T12:41:05 IST" name="setup" finished-at="2025-09-12T12:41:09 IST" duration-ms="4296" status="PASS">
          <reporter-output>
          </reporter-output>
        </test-method> <!-- setup -->
        <test-method signature="verifyLoginWithInvalidEmailAndValidPassword()[pri:2, instance:com.tutorialsninja.qa.testcases.LoginPageTest@5f049ea1]" started-at="2025-09-12T12:41:09 IST" name="verifyLoginWithInvalidEmailAndValidPassword" finished-at="2025-09-12T12:41:10 IST" duration-ms="1257" status="PASS">
          <reporter-output>
          </reporter-output>
        </test-method> <!-- verifyLoginWithInvalidEmailAndValidPassword -->
        <test-method is-config="true" signature="terDOwn()[pri:0, instance:com.tutorialsninja.qa.testcases.LoginPageTest@5f049ea1]" started-at="2025-09-12T12:41:10 IST" name="terDOwn" finished-at="2025-09-12T12:41:11 IST" duration-ms="967" status="PASS">
          <reporter-output>
          </reporter-output>
        </test-method> <!-- terDOwn -->
        <test-method is-config="true" signature="setup()[pri:0, instance:com.tutorialsninja.qa.testcases.LoginPageTest@5f049ea1]" started-at="2025-09-12T12:41:11 IST" name="setup" finished-at="2025-09-12T12:41:15 IST" duration-ms="3821" status="PASS">
          <reporter-output>
          </reporter-output>
        </test-method> <!-- setup -->
        <test-method signature="verifyLoginWithValidEMailAndInvalidPassword()[pri:3, instance:com.tutorialsninja.qa.testcases.LoginPageTest@5f049ea1]" started-at="2025-09-12T12:41:15 IST" name="verifyLoginWithValidEMailAndInvalidPassword" finished-at="2025-09-12T12:41:16 IST" duration-ms="1250" status="PASS">
          <reporter-output>
          </reporter-output>
        </test-method> <!-- verifyLoginWithValidEMailAndInvalidPassword -->
        <test-method is-config="true" signature="terDOwn()[pri:0, instance:com.tutorialsninja.qa.testcases.LoginPageTest@5f049ea1]" started-at="2025-09-12T12:41:16 IST" name="terDOwn" finished-at="2025-09-12T12:41:17 IST" duration-ms="917" status="PASS">
          <reporter-output>
          </reporter-output>
        </test-method> <!-- terDOwn -->
        <test-method is-config="true" signature="setup()[pri:0, instance:com.tutorialsninja.qa.testcases.LoginPageTest@5f049ea1]" started-at="2025-09-12T12:41:17 IST" name="setup" finished-at="2025-09-12T12:41:21 IST" duration-ms="4169" status="PASS">
          <reporter-output>
          </reporter-output>
        </test-method> <!-- setup -->
        <test-method signature="verifyLoginWithInvalidEMailAndInvalidPassword()[pri:4, instance:com.tutorialsninja.qa.testcases.LoginPageTest@5f049ea1]" started-at="2025-09-12T12:41:21 IST" name="verifyLoginWithInvalidEMailAndInvalidPassword" finished-at="2025-09-12T12:41:23 IST" duration-ms="1295" status="PASS">
          <reporter-output>
          </reporter-output>
        </test-method> <!-- verifyLoginWithInvalidEMailAndInvalidPassword -->
        <test-method is-config="true" signature="terDOwn()[pri:0, instance:com.tutorialsninja.qa.testcases.LoginPageTest@5f049ea1]" started-at="2025-09-12T12:41:23 IST" name="terDOwn" finished-at="2025-09-12T12:41:24 IST" duration-ms="1002" status="PASS">
          <reporter-output>
          </reporter-output>
        </test-method> <!-- terDOwn -->
      </class> <!-- com.tutorialsninja.qa.testcases.LoginPageTest -->
    </test> <!-- Default test -->
  </suite> <!-- Default suite -->
</testng-results>
