<?xml version="1.0" encoding="UTF-8"?>
<!-- Generated by org.testng.reporters.JUnitXMLReporter -->
<testsuite ignored="0" hostname="DUC-LAn20q3gaZ3" failures="0" tests="2" name="Default test" time="13.266" errors="0" timestamp="2025-09-17T15:14:22 IST">
  <testcase classname="com.tutorialsninja.qa.testcases.SearchProductPageTest" name="serachValidProduct" time="1.391"/>
  <testcase classname="com.tutorialsninja.qa.testcases.SearchProductPageTest" name="serachInValidProduct" time="0.452"/>
</testsuite> <!-- Default test -->
