<?xml version="1.0" encoding="UTF-8"?>
<!-- Generated by org.testng.reporters.JUnitXMLReporter -->
<testsuite ignored="0" hostname="DUC-LAn20q3gaZ3" failures="0" tests="2" name="Default test" time="15.438" errors="0" timestamp="2025-09-09T15:15:22 IST">
  <testcase classname="com.tutorialsninja.qa.testcases.Register" name="verifyRegisterPage" time="1.864"/>
  <testcase classname="com.tutorialsninja.qa.testcases.Register" name="verifyRegisterPageWithEmptyValues" time="1.052"/>
</testsuite> <!-- Default test -->
